<?xml version="1.0" encoding="UTF-8"?>
<!-- Generated by org.testng.reporters.JUnitReportReporter -->
<testsuite hostname="BELIOSKA-RELQS0P" failures="0" tests="1" name="medium_selenium_framework_Quetions.Home_Page" time="6.056" errors="0" timestamp="2024-08-25T22:54:51 EDT" skipped="0">
  <testcase classname="medium_selenium_framework_Quetions.Home_Page" name="validatWebElementsHomePages" time="6.056"/>
</testsuite> <!-- medium_selenium_framework_Quetions.Home_Page -->
