<?xml version="1.0" encoding="UTF-8"?>
<!-- Generated by org.testng.reporters.JUnitReportReporter -->
<testsuite hostname="BELIOSKA-RELQS0P" failures="0" tests="1" name="difficult_Selenium_Framework_quetions.SearchPages" time="4.136" errors="0" timestamp="2024-08-27T22:35:34 EDT" skipped="0">
  <testcase classname="difficult_Selenium_Framework_quetions.SearchPages" name="validateSearchPages" time="4.136"/>
</testsuite> <!-- difficult_Selenium_Framework_quetions.SearchPages -->
