<?xml version="1.0" encoding="UTF-8"?>
<!-- Generated by org.testng.reporters.JUnitReportReporter -->
<testsuite hostname="BELIOSKA-RELQS0P" failures="0" tests="1" name="difficult_Selenium_Framework_quetions.The_Shopping_Cart_Page" time="4.502" errors="0" timestamp="2024-08-27T21:49:47 EDT" skipped="0">
  <testcase classname="difficult_Selenium_Framework_quetions.The_Shopping_Cart_Page" name="ValidateShoppingCartPage" time="4.502"/>
</testsuite> <!-- difficult_Selenium_Framework_quetions.The_Shopping_Cart_Page -->
