<?xml version="1.0" encoding="UTF-8"?>
<!-- Generated by org.testng.reporters.JUnitReportReporter -->
<testsuite hostname="BELIOSKA-RELQS0P" failures="0" tests="1" name="medium_selenium_framework_Quetions.Checkout_page" time="4.318" errors="0" timestamp="2024-08-27T22:23:14 EDT" skipped="0">
  <testcase classname="medium_selenium_framework_Quetions.Checkout_page" name="Checkout_page" time="4.318"/>
</testsuite> <!-- medium_selenium_framework_Quetions.Checkout_page -->
